#
# A fatal error has been detected by the Java Runtime Environment:
#
#  EXCEPTION_ACCESS_VIOLATION (0xc0000005) at pc=0x000000006a568f45, pid=11204, tid=6776
#
# JRE version: Java(TM) SE Runtime Environment (8.0_91-b15) (build 1.8.0_91-b15)
# Java VM: Java HotSpot(TM) 64-Bit Server VM (25.91-b15 mixed mode windows-amd64 compressed oops)
# Problematic frame:
# V  [jvm.dll+0x128f45]
#
# Failed to write core dump. Minidumps are not enabled by default on client versions of Windows
#
# If you would like to submit a bug report, please visit:
#   http://bugreport.java.com/bugreport/crash.jsp
#

---------------  T H R E A D  ---------------

Current thread (0x0000000018e78800):  JavaThread "JDWP Transport Listener: dt_socket" daemon [_thread_in_vm, id=6776, stack(0x000000001a9f0000,0x000000001aaf0000)]

siginfo: ExceptionCode=0xc0000005, reading address 0xffffffffffffffff

Registers:
RAX=0x000000001aaef101, RBX=0x0000000018e78800, RCX=0x74612f746e657272, RDX=0x0000000000000000
RSP=0x000000001aaef120, RBP=0x74612f746e657272, RSI=0x000000001aaef238, RDI=0x00000000041f8770
R8 =0x0000000018e78800, R9 =0x0000000000008000, R10=0x000000001bc98cb0, R11=0x000000001aaef391
R12=0x0000000000000000, R13=0x0000000018e6da28, R14=0x0000000000000000, R15=0x0000000000000000
RIP=0x000000006a568f45, EFLAGS=0x0000000000010206

Top of Stack: (sp=0x000000001aaef120)
0x000000001aaef120:   0000000018e78800 0000000018e78800
0x000000001aaef130:   000000001aaef1e8 000000006a76f32b
0x000000001aaef140:   0000000018e78800 000000006a78bb8d
0x000000001aaef150:   0000000000000000 0000000069359155
0x000000001aaef160:   000000001b1e2b90 000000006936291e
0x000000001aaef170:   0000000018e78800 0000000000000000
0x000000001aaef180:   0000000000000000 0000000000000000
0x000000001aaef190:   74612f746e657272 0000000069361a15
0x000000001aaef1a0:   000000001aaef238 000000001aaef210
0x000000001aaef1b0:   0000000000000001 000000001b1e2b90
0x000000001aaef1c0:   74612f746e657272 00000000693453b3
0x000000001aaef1d0:   000000001aaef300 0000000000000001
0x000000001aaef1e0:   0000000000000001 000000001b1e2b90
0x000000001aaef1f0:   0000000000000001 0000000000000000
0x000000001aaef200:   0000000000000000 0000000000000000
0x000000001aaef210:   0000000000000001 0000000069345571 

Instructions: (pc=0x000000006a568f45)
0x000000006a568f25:   cc cc cc cc cc cc cc cc cc cc cc 48 83 ec 28 48
0x000000006a568f35:   85 c9 75 07 33 c0 48 83 c4 28 c3 48 89 5c 24 20
0x000000006a568f45:   48 8b 19 48 85 db 74 20 48 83 fb 37 74 1a 48 8b
0x000000006a568f55:   13 48 8b cb ff 52 10 84 c0 74 0d 48 8b c3 48 8b 


Register to memory mapping:

RAX=0x000000001aaef101 is pointing into the stack for thread: 0x0000000018e78800
RBX=0x0000000018e78800 is a thread
RCX=0x74612f746e657272 is an unknown value
RDX=0x0000000000000000 is an unknown value
RSP=0x000000001aaef120 is pointing into the stack for thread: 0x0000000018e78800
RBP=0x74612f746e657272 is an unknown value
RSI=0x000000001aaef238 is pointing into the stack for thread: 0x0000000018e78800
RDI=0x00000000041f8770 is an unknown value
R8 =0x0000000018e78800 is a thread
R9 =0x0000000000008000 is an unknown value
R10=0x000000001bc98cb0 is an unknown value
R11=0x000000001aaef391 is pointing into the stack for thread: 0x0000000018e78800
R12=0x0000000000000000 is an unknown value
R13=0x0000000018e6da28 is an unknown value
R14=0x0000000000000000 is an unknown value
R15=0x0000000000000000 is an unknown value


Stack: [0x000000001a9f0000,0x000000001aaf0000],  sp=0x000000001aaef120,  free space=1020k
Native frames: (J=compiled Java code, j=interpreted, Vv=VM code, C=native code)
V  [jvm.dll+0x128f45]
V  [jvm.dll+0x34bb8d]
C  [jdwp.dll+0x21a15]
C  [jdwp.dll+0x53b3]
C  [jdwp.dll+0x5571]
C  [jdwp.dll+0xf0a8]
C  [jdwp.dll+0x1f2d5]
C  [jdwp.dll+0x1f4aa]
V  [jvm.dll+0x1bbf38]
V  [jvm.dll+0x243ae4]
V  [jvm.dll+0x29a99a]
C  [msvcr100.dll+0x21d9f]
C  [msvcr100.dll+0x21e3b]
C  [KERNEL32.DLL+0x11fe4]
C  [ntdll.dll+0x6cb31]


---------------  P R O C E S S  ---------------

Java Threads: ( => current thread )
  0x000000001b622000 JavaThread "ReaderThread" [_thread_in_native, id=10384, stack(0x000000001bef0000,0x000000001bff0000)]
  0x000000001ae39000 JavaThread "Service Thread" daemon [_thread_blocked, id=5840, stack(0x000000001b3f0000,0x000000001b4f0000)]
  0x0000000018ebc000 JavaThread "C1 CompilerThread2" daemon [_thread_blocked, id=3784, stack(0x000000001b2f0000,0x000000001b3f0000)]
  0x0000000018ebb800 JavaThread "C2 CompilerThread1" daemon [_thread_blocked, id=13168, stack(0x000000001b1f0000,0x000000001b2f0000)]
  0x0000000018e8b000 JavaThread "C2 CompilerThread0" daemon [_thread_blocked, id=12916, stack(0x000000001acf0000,0x000000001adf0000)]
  0x0000000018e7e000 JavaThread "JDWP Command Reader" daemon [_thread_in_native, id=4784, stack(0x000000001abf0000,0x000000001acf0000)]
  0x0000000018e7d000 JavaThread "JDWP Event Helper Thread" daemon [_thread_blocked, id=13712, stack(0x000000001aaf0000,0x000000001abf0000)]
=>0x0000000018e78800 JavaThread "JDWP Transport Listener: dt_socket" daemon [_thread_in_vm, id=6776, stack(0x000000001a9f0000,0x000000001aaf0000)]
  0x0000000018e63000 JavaThread "Attach Listener" daemon [_thread_blocked, id=5124, stack(0x000000001a5b0000,0x000000001a6b0000)]
  0x0000000018e62000 JavaThread "Signal Dispatcher" daemon [_thread_blocked, id=10012, stack(0x000000001a4b0000,0x000000001a5b0000)]
  0x00000000042fe000 JavaThread "Finalizer" daemon [_thread_blocked, id=13764, stack(0x000000001a0b0000,0x000000001a1b0000)]
  0x00000000042f3000 JavaThread "Reference Handler" daemon [_thread_blocked, id=4304, stack(0x0000000019fb0000,0x000000001a0b0000)]
  0x0000000004204800 JavaThread "main" [_thread_blocked, id=13564, stack(0x0000000004080000,0x0000000004180000)]

Other Threads:
  0x0000000018e28000 VMThread [stack: 0x0000000019eb0000,0x0000000019fb0000] [id=13892]
  0x000000001ae57000 WatcherThread [stack: 0x000000001b4f0000,0x000000001b5f0000] [id=6340]

VM state:not at safepoint (normal execution)

VM Mutex/Monitor currently owned by a thread: None

Heap:
 PSYoungGen      total 110592K, used 100138K [0x00000000d5d00000, 0x00000000dd600000, 0x0000000100000000)
  eden space 99328K, 90% used [0x00000000d5d00000,0x00000000db51f9b8,0x00000000dbe00000)
  from space 11264K, 87% used [0x00000000dca00000,0x00000000dd3ab238,0x00000000dd500000)
  to   space 12288K, 0% used [0x00000000dbe00000,0x00000000dbe00000,0x00000000dca00000)
 ParOldGen       total 59904K, used 12956K [0x0000000081600000, 0x0000000085080000, 0x00000000d5d00000)
  object space 59904K, 21% used [0x0000000081600000,0x00000000822a70d0,0x0000000085080000)
 Metaspace       used 33241K, capacity 34594K, committed 34944K, reserved 1079296K
  class space    used 4375K, capacity 4613K, committed 4736K, reserved 1048576K

Card table byte_map: [0x00000000136c0000,0x0000000013ac0000] byte_map_base: 0x00000000132b5000

Marking Bits: (ParMarkBitMap*) 0x000000006ac52f70
 Begin Bits: [0x0000000014170000, 0x0000000016118000)
 End Bits:   [0x0000000016118000, 0x00000000180c0000)

Polling page: 0x00000000001f0000

CodeCache: size=245760Kb used=12840Kb max_used=12922Kb free=232919Kb
 bounds [0x0000000004300000, 0x0000000004fd0000, 0x0000000013300000]
 total_blobs=3596 nmethods=3181 adapters=335
 compilation: enabled

Compilation events (10 events):
Event: 10.635 Thread 0x0000000018ebc000 3380       3       com.sun.org.apache.xalan.internal.utils.SecuritySupport$4::run (8 bytes)
Event: 10.635 Thread 0x0000000018ebc000 nmethod 3380 0x0000000004efbf90 code [0x0000000004efc120, 0x0000000004efc548]
Event: 10.636 Thread 0x0000000018ebc000 3381   !   3       com.sun.org.apache.xalan.internal.utils.SecuritySupport::readJAXPProperty (171 bytes)
Event: 10.638 Thread 0x0000000018ebc000 nmethod 3381 0x0000000004ef61d0 code [0x0000000004ef65a0, 0x0000000004ef8808]
Event: 10.642 Thread 0x0000000018ebc000 3382       1       com.fasterxml.jackson.databind.SerializationFeature::getMask (5 bytes)
Event: 10.642 Thread 0x0000000018ebc000 nmethod 3382 0x0000000004efbcd0 code [0x0000000004efbe20, 0x0000000004efbf30]
Event: 11.603 Thread 0x0000000018ebb800 nmethod 3350 0x0000000004f677d0 code [0x0000000004f680c0, 0x0000000004f77fb0]
Event: 11.603 Thread 0x0000000018ebb800 3331       4       java.util.regex.Matcher::reset (83 bytes)
Event: 11.608 Thread 0x0000000018ebb800 nmethod 3331 0x000000000444a310 code [0x000000000444a460, 0x000000000444a6b8]
Event: 11.697 Thread 0x0000000018e8b000 nmethod 3349 0x0000000004f9ecd0 code [0x0000000004f9f740, 0x0000000004fb3c20]

GC Heap History (10 events):
Event: 3.516 GC heap before
{Heap before GC invocations=3 (full 0):
 PSYoungGen      total 38400K, used 38374K [0x00000000d5d00000, 0x00000000d8780000, 0x0000000100000000)
  eden space 33280K, 100% used [0x00000000d5d00000,0x00000000d7d80000,0x00000000d7d80000)
  from space 5120K, 99% used [0x00000000d8280000,0x00000000d8779a10,0x00000000d8780000)
  to   space 5120K, 0% used [0x00000000d7d80000,0x00000000d7d80000,0x00000000d8280000)
 ParOldGen       total 87552K, used 493K [0x0000000081600000, 0x0000000086b80000, 0x00000000d5d00000)
  object space 87552K, 0% used [0x0000000081600000,0x000000008167b420,0x0000000086b80000)
 Metaspace       used 17391K, capacity 17914K, committed 18176K, reserved 1064960K
  class space    used 2300K, capacity 2455K, committed 2560K, reserved 1048576K
Event: 3.528 GC heap after
Heap after GC invocations=3 (full 0):
 PSYoungGen      total 38400K, used 5099K [0x00000000d5d00000, 0x00000000da800000, 0x0000000100000000)
  eden space 33280K, 0% used [0x00000000d5d00000,0x00000000d5d00000,0x00000000d7d80000)
  from space 5120K, 99% used [0x00000000d7d80000,0x00000000d827adc8,0x00000000d8280000)
  to   space 5120K, 0% used [0x00000000da300000,0x00000000da300000,0x00000000da800000)
 ParOldGen       total 87552K, used 2228K [0x0000000081600000, 0x0000000086b80000, 0x00000000d5d00000)
  object space 87552K, 2% used [0x0000000081600000,0x000000008182d048,0x0000000086b80000)
 Metaspace       used 17391K, capacity 17914K, committed 18176K, reserved 1064960K
  class space    used 2300K, capacity 2455K, committed 2560K, reserved 1048576K
}
Event: 4.095 GC heap before
{Heap before GC invocations=4 (full 0):
 PSYoungGen      total 38400K, used 37169K [0x00000000d5d00000, 0x00000000da800000, 0x0000000100000000)
  eden space 33280K, 96% used [0x00000000d5d00000,0x00000000d7c51938,0x00000000d7d80000)
  from space 5120K, 99% used [0x00000000d7d80000,0x00000000d827adc8,0x00000000d8280000)
  to   space 5120K, 0% used [0x00000000da300000,0x00000000da300000,0x00000000da800000)
 ParOldGen       total 87552K, used 2228K [0x0000000081600000, 0x0000000086b80000, 0x00000000d5d00000)
  object space 87552K, 2% used [0x0000000081600000,0x000000008182d048,0x0000000086b80000)
 Metaspace       used 20637K, capacity 21220K, committed 21248K, reserved 1067008K
  class space    used 2661K, capacity 2800K, committed 2816K, reserved 1048576K
Event: 4.107 GC heap after
Heap after GC invocations=4 (full 0):
 PSYoungGen      total 71680K, used 5110K [0x00000000d5d00000, 0x00000000da800000, 0x0000000100000000)
  eden space 66560K, 0% used [0x00000000d5d00000,0x00000000d5d00000,0x00000000d9e00000)
  from space 5120K, 99% used [0x00000000da300000,0x00000000da7fd9a8,0x00000000da800000)
  to   space 5120K, 0% used [0x00000000d9e00000,0x00000000d9e00000,0x00000000da300000)
 ParOldGen       total 87552K, used 4832K [0x0000000081600000, 0x0000000086b80000, 0x00000000d5d00000)
  object space 87552K, 5% used [0x0000000081600000,0x0000000081ab8238,0x0000000086b80000)
 Metaspace       used 20637K, capacity 21220K, committed 21248K, reserved 1067008K
  class space    used 2661K, capacity 2800K, committed 2816K, reserved 1048576K
}
Event: 4.107 GC heap before
{Heap before GC invocations=5 (full 1):
 PSYoungGen      total 71680K, used 5110K [0x00000000d5d00000, 0x00000000da800000, 0x0000000100000000)
  eden space 66560K, 0% used [0x00000000d5d00000,0x00000000d5d00000,0x00000000d9e00000)
  from space 5120K, 99% used [0x00000000da300000,0x00000000da7fd9a8,0x00000000da800000)
  to   space 5120K, 0% used [0x00000000d9e00000,0x00000000d9e00000,0x00000000da300000)
 ParOldGen       total 87552K, used 4832K [0x0000000081600000, 0x0000000086b80000, 0x00000000d5d00000)
  object space 87552K, 5% used [0x0000000081600000,0x0000000081ab8238,0x0000000086b80000)
 Metaspace       used 20637K, capacity 21220K, committed 21248K, reserved 1067008K
  class space    used 2661K, capacity 2800K, committed 2816K, reserved 1048576K
Event: 4.161 GC heap after
Heap after GC invocations=5 (full 1):
 PSYoungGen      total 71680K, used 0K [0x00000000d5d00000, 0x00000000da800000, 0x0000000100000000)
  eden space 66560K, 0% used [0x00000000d5d00000,0x00000000d5d00000,0x00000000d9e00000)
  from space 5120K, 0% used [0x00000000da300000,0x00000000da300000,0x00000000da800000)
  to   space 5120K, 0% used [0x00000000d9e00000,0x00000000d9e00000,0x00000000da300000)
 ParOldGen       total 59904K, used 7499K [0x0000000081600000, 0x0000000085080000, 0x00000000d5d00000)
  object space 59904K, 12% used [0x0000000081600000,0x0000000081d52eb8,0x0000000085080000)
 Metaspace       used 20637K, capacity 21220K, committed 21248K, reserved 1067008K
  class space    used 2661K, capacity 2800K, committed 2816K, reserved 1048576K
}
Event: 5.977 GC heap before
{Heap before GC invocations=6 (full 1):
 PSYoungGen      total 71680K, used 66560K [0x00000000d5d00000, 0x00000000da800000, 0x0000000100000000)
  eden space 66560K, 100% used [0x00000000d5d00000,0x00000000d9e00000,0x00000000d9e00000)
  from space 5120K, 0% used [0x00000000da300000,0x00000000da300000,0x00000000da800000)
  to   space 5120K, 0% used [0x00000000d9e00000,0x00000000d9e00000,0x00000000da300000)
 ParOldGen       total 59904K, used 7507K [0x0000000081600000, 0x0000000085080000, 0x00000000d5d00000)
  object space 59904K, 12% used [0x0000000081600000,0x0000000081d54cd0,0x0000000085080000)
 Metaspace       used 27154K, capacity 27952K, committed 28160K, reserved 1073152K
  class space    used 3519K, capacity 3732K, committed 3840K, reserved 1048576K
Event: 5.995 GC heap after
Heap after GC invocations=6 (full 1):
 PSYoungGen      total 71680K, used 5112K [0x00000000d5d00000, 0x00000000dd500000, 0x0000000100000000)
  eden space 66560K, 0% used [0x00000000d5d00000,0x00000000d5d00000,0x00000000d9e00000)
  from space 5120K, 99% used [0x00000000d9e00000,0x00000000da2fe300,0x00000000da300000)
  to   space 11264K, 0% used [0x00000000dca00000,0x00000000dca00000,0x00000000dd500000)
 ParOldGen       total 59904K, used 12948K [0x0000000081600000, 0x0000000085080000, 0x00000000d5d00000)
  object space 59904K, 21% used [0x0000000081600000,0x00000000822a50d0,0x0000000085080000)
 Metaspace       used 27154K, capacity 27952K, committed 28160K, reserved 1073152K
  class space    used 3519K, capacity 3732K, committed 3840K, reserved 1048576K
}
Event: 7.823 GC heap before
{Heap before GC invocations=7 (full 1):
 PSYoungGen      total 71680K, used 71672K [0x00000000d5d00000, 0x00000000dd500000, 0x0000000100000000)
  eden space 66560K, 100% used [0x00000000d5d00000,0x00000000d9e00000,0x00000000d9e00000)
  from space 5120K, 99% used [0x00000000d9e00000,0x00000000da2fe300,0x00000000da300000)
  to   space 11264K, 0% used [0x00000000dca00000,0x00000000dca00000,0x00000000dd500000)
 ParOldGen       total 59904K, used 12948K [0x0000000081600000, 0x0000000085080000, 0x00000000d5d00000)
  object space 59904K, 21% used [0x0000000081600000,0x00000000822a50d0,0x0000000085080000)
 Metaspace       used 29706K, capacity 30850K, committed 31104K, reserved 1077248K
  class space    used 3881K, capacity 4109K, committed 4224K, reserved 1048576K
Event: 7.844 GC heap after
Heap after GC invocations=7 (full 1):
 PSYoungGen      total 110592K, used 9900K [0x00000000d5d00000, 0x00000000dd600000, 0x0000000100000000)
  eden space 99328K, 0% used [0x00000000d5d00000,0x00000000d5d00000,0x00000000dbe00000)
  from space 11264K, 87% used [0x00000000dca00000,0x00000000dd3ab238,0x00000000dd500000)
  to   space 12288K, 0% used [0x00000000dbe00000,0x00000000dbe00000,0x00000000dca00000)
 ParOldGen       total 59904K, used 12956K [0x0000000081600000, 0x0000000085080000, 0x00000000d5d00000)
  object space 59904K, 21% used [0x0000000081600000,0x00000000822a70d0,0x0000000085080000)
 Metaspace       used 29706K, capacity 30850K, committed 31104K, reserved 1077248K
  class space    used 3881K, capacity 4109K, committed 4224K, reserved 1048576K
}

Deoptimization events (10 events):
Event: 7.169 Thread 0x0000000004204800 Uncommon trap: reason=unstable_if action=reinterpret pc=0x0000000004d01174 method=org.springframework.util.ConcurrentReferenceHashMap$Segment.findInChain(Lorg/springframework/util/ConcurrentReferenceHashMap$Reference;Ljava/lang/Object;I)Lorg/springframewor—‡¦€­@
Event: 7.169 Thread 0x0000000004204800 Uncommon trap: reason=unstable_if action=reinterpret pc=0x0000000004cbb130 method=org.springframework.util.ConcurrentReferenceHashMap$Segment.findInChain(Lorg/springframework/util/ConcurrentReferenceHashMap$Reference;Ljava/lang/Object;I)Lorg/springframewor Ä
LÖ@
Event: 7.709 Thread 0x0000000004204800 Uncommon trap: reason=unstable_if action=reinterpret pc=0x0000000004d94428 method=org.springframework.asm.Frame.merge(Lorg/springframework/asm/ClassWriter;I[II)Z @ 80
Event: 7.709 Thread 0x0000000004204800 Uncommon trap: reason=unstable_if action=reinterpret pc=0x0000000004ce95e4 method=org.springframework.asm.Frame.merge(Lorg/springframework/asm/ClassWriter;I[II)Z @ 80
Event: 7.718 Thread 0x0000000004204800 Uncommon trap: reason=range_check action=make_not_entrant pc=0x0000000004db1e2c method=java.lang.String.charAt(I)C @ 27
Event: 8.781 Thread 0x0000000004204800 Uncommon trap: reason=unstable_if action=reinterpret pc=0x0000000004d576f8 method=org.springframework.beans.factory.support.DefaultSingletonBeanRegistry.getSingleton(Ljava/lang/String;Z)Ljava/lang/Object; @ 47
Event: 9.049 Thread 0x0000000004204800 Uncommon trap: reason=class_check action=maybe_recompile pc=0x0000000004c86828 method=java.util.AbstractList$Itr.hasNext()Z @ 8
Event: 9.049 Thread 0x0000000004204800 Uncommon trap: reason=class_check action=maybe_recompile pc=0x0000000004d041a8 method=java.util.AbstractList$Itr.next()Ljava/lang/Object; @ 14
Event: 10.016 Thread 0x0000000004204800 Uncommon trap: reason=unstable_if action=reinterpret pc=0x000000000470e8d4 method=org.springframework.util.ConcurrentReferenceHashMap$Segment.clear()V @ 4
Event: 10.073 Thread 0x0000000004204800 Uncommon trap: reason=unstable_if action=reinterpret pc=0x00000000048ef6ac method=java.util.LinkedHashMap.get(Ljava/lang/Object;)Ljava/lang/Object; @ 20

Internal exceptions (10 events):
Event: 10.079 Thread 0x0000000004204800 Exception <a 'java/lang/NullPointerException'> (0x00000000da0f12e8) thrown at [C:\re\workspace\8-2-build-windows-amd64-cygwin\jdk8u91\7017\hotspot\src\share\vm\runtime\sharedRuntime.cpp, line 605]
Event: 19.689 Thread 0x0000000004204800 Exception <a 'java/lang/ArrayIndexOutOfBoundsException': 105> (0x00000000daacd6e8) thrown at [C:\re\workspace\8-2-build-windows-amd64-cygwin\jdk8u91\7017\hotspot\src\share\vm\interpreter\interpreterRuntime.cpp, line 366]
Event: 20.094 Thread 0x0000000004204800 Exception <a 'java/lang/ArrayIndexOutOfBoundsException': 78> (0x00000000dabf0eb0) thrown at [C:\re\workspace\8-2-build-windows-amd64-cygwin\jdk8u91\7017\hotspot\src\share\vm\interpreter\interpreterRuntime.cpp, line 366]
Event: 20.103 Thread 0x0000000004204800 Exception <a 'java/lang/ArrayIndexOutOfBoundsException': 139> (0x00000000dabf2a18) thrown at [C:\re\workspace\8-2-build-windows-amd64-cygwin\jdk8u91\7017\hotspot\src\share\vm\interpreter\interpreterRuntime.cpp, line 366]
Event: 20.112 Thread 0x0000000004204800 Exception <a 'java/lang/ArrayIndexOutOfBoundsException': 139> (0x00000000dabf4748) thrown at [C:\re\workspace\8-2-build-windows-amd64-cygwin\jdk8u91\7017\hotspot\src\share\vm\interpreter\interpreterRuntime.cpp, line 366]
Event: 20.117 Thread 0x0000000004204800 Exception <a 'java/lang/ArrayIndexOutOfBoundsException': 92> (0x00000000dabf5e40) thrown at [C:\re\workspace\8-2-build-windows-amd64-cygwin\jdk8u91\7017\hotspot\src\share\vm\interpreter\interpreterRuntime.cpp, line 366]
Event: 20.223 Thread 0x0000000004204800 Exception <a 'java/lang/ArrayIndexOutOfBoundsException': 67> (0x00000000dac31420) thrown at [C:\re\workspace\8-2-build-windows-amd64-cygwin\jdk8u91\7017\hotspot\src\share\vm\interpreter\interpreterRuntime.cpp, line 366]
Event: 20.425 Thread 0x0000000004204800 Exception <a 'java/lang/ArrayIndexOutOfBoundsException': 31> (0x00000000dacdf510) thrown at [C:\re\workspace\8-2-build-windows-amd64-cygwin\jdk8u91\7017\hotspot\src\share\vm\interpreter\interpreterRuntime.cpp, line 366]
Event: 21.289 Thread 0x0000000004204800 Exception <a 'java/lang/ArrayIndexOutOfBoundsException': 101> (0x00000000dafc6928) thrown at [C:\re\workspace\8-2-build-windows-amd64-cygwin\jdk8u91\7017\hotspot\src\share\vm\interpreter\interpreterRuntime.cpp, line 366]
Event: 21.295 Thread 0x0000000004204800 Exception <a 'java/lang/ArrayIndexOutOfBoundsException': 64> (0x00000000dafc7f70) thrown at [C:\re\workspace\8-2-build-windows-amd64-cygwin\jdk8u91\7017\hotspot\src\share\vm\interpreter\interpreterRuntime.cpp, line 366]

Events (10 events):
Event: 22.311 Executing VM operation: GetCurrentLocation
Event: 22.311 Executing VM operation: GetCurrentLocation done
Event: 22.311 Executing VM operation: ChangeSingleStep
Event: 22.311 Executing VM operation: ChangeSingleStep done
Event: 22.311 Executing VM operation: ChangeSingleStep
Event: 22.311 Executing VM operation: ChangeSingleStep done
Event: 22.321 Executing VM operation: GetOrSetLocal
Event: 22.321 Executing VM operation: GetOrSetLocal done
Event: 56.750 Executing VM operation: RedefineClasses
Event: 56.790 Executing VM operation: RedefineClasses done


Dynamic libraries:
0x00007ff6bdcd0000 - 0x00007ff6bdd07000 	C:\Program Files\Java\jre1.8.0_91\bin\javaw.exe
0x00007ffb0a9d0000 - 0x00007ffb0abb0000 	C:\WINDOWS\SYSTEM32\ntdll.dll
0x00007ffb0a080000 - 0x00007ffb0a12e000 	C:\WINDOWS\System32\KERNEL32.DLL
0x00007ffb07b30000 - 0x00007ffb07d96000 	C:\WINDOWS\System32\KERNELBASE.dll
0x00007ffb09d50000 - 0x00007ffb09df1000 	C:\WINDOWS\System32\ADVAPI32.dll
0x00007ffb097d0000 - 0x00007ffb0986d000 	C:\WINDOWS\System32\msvcrt.dll
0x00007ffb0a870000 - 0x00007ffb0a8cb000 	C:\WINDOWS\System32\sechost.dll
0x00007ffb0a160000 - 0x00007ffb0a27f000 	C:\WINDOWS\System32\RPCRT4.dll
0x00007ffb09380000 - 0x00007ffb0950f000 	C:\WINDOWS\System32\USER32.dll
0x00007ffb06e20000 - 0x00007ffb06e40000 	C:\WINDOWS\System32\win32u.dll
0x00007ffb09710000 - 0x00007ffb09738000 	C:\WINDOWS\System32\GDI32.dll
0x00007ffb07710000 - 0x00007ffb078a3000 	C:\WINDOWS\System32\gdi32full.dll
0x00007ffb06e40000 - 0x00007ffb06edb000 	C:\WINDOWS\System32\msvcp_win.dll
0x00007ffb07da0000 - 0x00007ffb07e96000 	C:\WINDOWS\System32\ucrtbase.dll
0x00007ffafc910000 - 0x00007ffafcb79000 	C:\WINDOWS\WinSxS\amd64_microsoft.windows.common-controls_6595b64144ccf1df_6.0.16299.492_none_15c8d3609364b9b0\COMCTL32.dll
0x00007ffb098f0000 - 0x00007ffb09bf7000 	C:\WINDOWS\System32\combase.dll
0x00007ffb07690000 - 0x00007ffb07702000 	C:\WINDOWS\System32\bcryptPrimitives.dll
0x00007ffb0a130000 - 0x00007ffb0a15d000 	C:\WINDOWS\System32\IMM32.DLL
0x000000006a220000 - 0x000000006a2f2000 	C:\Program Files\Java\jre1.8.0_91\bin\msvcr100.dll
0x000000006a440000 - 0x000000006acd3000 	C:\Program Files\Java\jre1.8.0_91\bin\server\jvm.dll
0x00007ffb0a7f0000 - 0x00007ffb0a7f8000 	C:\WINDOWS\System32\PSAPI.DLL
0x00007ffaf7780000 - 0x00007ffaf7789000 	C:\WINDOWS\SYSTEM32\WSOCK32.dll
0x00007ffb0a800000 - 0x00007ffb0a86c000 	C:\WINDOWS\System32\WS2_32.dll
0x00007ffb04b60000 - 0x00007ffb04b83000 	C:\WINDOWS\SYSTEM32\WINMM.dll
0x00007ffafa660000 - 0x00007ffafa66a000 	C:\WINDOWS\SYSTEM32\VERSION.dll
0x00007ffb04b30000 - 0x00007ffb04b5a000 	C:\WINDOWS\SYSTEM32\WINMMBASE.dll
0x00007ffb06dd0000 - 0x00007ffb06e1a000 	C:\WINDOWS\System32\cfgmgr32.dll
0x000000006b260000 - 0x000000006b26f000 	C:\Program Files\Java\jre1.8.0_91\bin\verify.dll
0x000000006b230000 - 0x000000006b259000 	C:\Program Files\Java\jre1.8.0_91\bin\java.dll
0x0000000069340000 - 0x0000000069375000 	C:\Program Files\Java\jre1.8.0_91\bin\jdwp.dll
0x0000000069330000 - 0x0000000069338000 	C:\Program Files\Java\jre1.8.0_91\bin\npt.dll
0x000000006a3f0000 - 0x000000006a406000 	C:\Program Files\Java\jre1.8.0_91\bin\zip.dll
0x00007ffb07ea0000 - 0x00007ffb092d8000 	C:\WINDOWS\System32\SHELL32.dll
0x00007ffb0a2e0000 - 0x00007ffb0a386000 	C:\WINDOWS\System32\shcore.dll
0x00007ffb06f40000 - 0x00007ffb07687000 	C:\WINDOWS\System32\windows.storage.dll
0x00007ffb09770000 - 0x00007ffb097c1000 	C:\WINDOWS\System32\shlwapi.dll
0x00007ffb06db0000 - 0x00007ffb06dc1000 	C:\WINDOWS\System32\kernel.appcore.dll
0x00007ffb06d40000 - 0x00007ffb06d8c000 	C:\WINDOWS\System32\powrprof.dll
0x00007ffb06d20000 - 0x00007ffb06d3b000 	C:\WINDOWS\System32\profapi.dll
0x0000000069320000 - 0x0000000069329000 	C:\Program Files\Java\jre1.8.0_91\bin\dt_socket.dll
0x00007ffaf7580000 - 0x00007ffaf7596000 	C:\WINDOWS\system32\napinsp.dll
0x00007ffaf6eb0000 - 0x00007ffaf6eca000 	C:\WINDOWS\system32\pnrpnsp.dll
0x00007ffb03980000 - 0x00007ffb03998000 	C:\WINDOWS\system32\NLAapi.dll
0x00007ffb065b0000 - 0x00007ffb06616000 	C:\WINDOWS\System32\mswsock.dll
0x00007ffb06380000 - 0x00007ffb06436000 	C:\WINDOWS\SYSTEM32\DNSAPI.dll
0x00007ffb0a390000 - 0x00007ffb0a398000 	C:\WINDOWS\System32\NSI.dll
0x00007ffb06340000 - 0x00007ffb06379000 	C:\WINDOWS\SYSTEM32\IPHLPAPI.DLL
0x00007ffaf6a40000 - 0x00007ffaf6a4e000 	C:\WINDOWS\System32\winrnr.dll
0x00007ffaf66c0000 - 0x00007ffaf66d5000 	C:\WINDOWS\System32\wshbth.dll
0x00007ffafdb90000 - 0x00007ffafdc00000 	C:\WINDOWS\System32\fwpuclnt.dll
0x00007ffb06880000 - 0x00007ffb068a5000 	C:\WINDOWS\SYSTEM32\bcrypt.dll
0x00007ffafda70000 - 0x00007ffafda7a000 	C:\Windows\System32\rasadhlp.dll
0x000000006a3d0000 - 0x000000006a3ea000 	C:\Program Files\Java\jre1.8.0_91\bin\net.dll
0x000000006a3b0000 - 0x000000006a3c1000 	C:\Program Files\Java\jre1.8.0_91\bin\nio.dll
0x000000006b220000 - 0x000000006b22d000 	C:\Program Files\Java\jre1.8.0_91\bin\management.dll
0x00007ffb06770000 - 0x00007ffb06787000 	C:\WINDOWS\SYSTEM32\CRYPTSP.dll
0x00007ffb061b0000 - 0x00007ffb061e3000 	C:\WINDOWS\system32\rsaenh.dll
0x00007ffb06c20000 - 0x00007ffb06c49000 	C:\WINDOWS\SYSTEM32\USERENV.dll
0x00007ffb06790000 - 0x00007ffb0679b000 	C:\WINDOWS\SYSTEM32\CRYPTBASE.dll
0x00007ffafeaf0000 - 0x00007ffafeb06000 	C:\WINDOWS\SYSTEM32\dhcpcsvc6.DLL
0x00007ffb001b0000 - 0x00007ffb001ca000 	C:\WINDOWS\SYSTEM32\dhcpcsvc.DLL
0x00007ffaf8720000 - 0x00007ffaf88e8000 	C:\WINDOWS\SYSTEM32\dbghelp.dll

VM Arguments:
jvm_args: -agentlib:jdwp=transport=dt_socket,suspend=y,address=localhost:62129 -ea -Dfile.encoding=UTF-8 
java_command: org.eclipse.jdt.internal.junit.runner.RemoteTestRunner -version 3 -port 62128 -testLoaderClass org.eclipse.jdt.internal.junit4.runner.JUnit4TestLoader -loaderpluginname org.eclipse.jdt.junit4.runtime -test com.quotebitcoin.test.service.BitCoinServiceTest:getListQuoteBitCoins_shouldReturnList
java_class_path (initial): C:\Program Files\Java\jre1.8.0_91\lib\resources.jar;C:\Program Files\Java\jre1.8.0_91\lib\rt.jar;C:\Program Files\Java\jre1.8.0_91\lib\jsse.jar;C:\Program Files\Java\jre1.8.0_91\lib\jce.jar;C:\Program Files\Java\jre1.8.0_91\lib\charsets.jar;C:\Program Files\Java\jre1.8.0_91\lib\jfr.jar;C:\Program Files\Java\jre1.8.0_91\lib\ext\access-bridge-64.jar;C:\Program Files\Java\jre1.8.0_91\lib\ext\cldrdata.jar;C:\Program Files\Java\jre1.8.0_91\lib\ext\dnsns.jar;C:\Program Files\Java\jre1.8.0_91\lib\ext\jaccess.jar;C:\Program Files\Java\jre1.8.0_91\lib\ext\jfxrt.jar;C:\Program Files\Java\jre1.8.0_91\lib\ext\localedata.jar;C:\Program Files\Java\jre1.8.0_91\lib\ext\nashorn.jar;C:\Program Files\Java\jre1.8.0_91\lib\ext\sunec.jar;C:\Program Files\Java\jre1.8.0_91\lib\ext\sunjce_provider.jar;C:\Program Files\Java\jre1.8.0_91\lib\ext\sunmscapi.jar;C:\Program Files\Java\jre1.8.0_91\lib\ext\sunpkcs11.jar;C:\Program Files\Java\jre1.8.0_91\lib\ext\zipfs.jar;D:\JavaProject\quote-bitcoin\target\test-classes;D:\JavaProject\quote-bitcoin\target\classes;C:\Users\Junior\.m2\repository\org\springframework\boot\spring-boot-starter-web\2.0.0.RELEASE\spring-boot-starter-web-2.0.0.RELEASE.jar;C:\Users\Junior\.m2\repository\org\springframework\boot\spring-boot-starter\2.0.0.RELEASE\spring-boot-starter-2.0.0.RELEASE.jar;C:\Users\Junior\.m2\repository\org\springframework\boot\spring-boot\2.0.0.RELEASE\spring-boot-2.0.0.RELEASE.jar;C:\Users\Junior\.m2\repository\org\springframework\boot\spring-boot-autoconfigure\2.0.0.RELEASE\spring-boot-autoconfigure-2.0.0.RELEASE.jar;C:\Users\Junior\.m2\repository\org\springframework\boot\spring-boot-starter-logging\2.0.0.RELEASE\spring-boot-starter-logging-2.0.0.RELEASE.jar;C:\Users\Junior\.m2\repository\ch\qos\logback\logback-classic\1.2.3\logback-classic-1.2.3.jar;C:\Users\Junior\.m2\repository\ch\qos\logback\logback-core\1.2.3\logback-core-1.2.3.jar;C:\Users\Junior\.m2\repository\org\apache\logging\log4j\log4j-to-slf4j\2.10.0\log4j-
Launcher Type: SUN_STANDARD

Environment Variables:
JAVA_HOME=C:\Program Files\Java\jdk1.8.0_91
PATH=C:/Program Files/Java/jre1.8.0_91/bin/server;C:/Program Files/Java/jre1.8.0_91/bin;C:/Program Files/Java/jre1.8.0_91/lib/amd64;C:\ProgramData\Oracle\Java\javapath;C:\WINDOWS\system32;C:\WINDOWS;C:\WINDOWS\System32\Wbem;C:\WINDOWS\System32\WindowsPowerShell\v1.0\;C:\Program Files (x86)\Skype\Phone\;C:\Program Files (x86)\Sybase\Shared\PowerBuilder\;C:\Program Files\PuTTY\;C:\Program Files\Git\cmd;C:\Program Files (x86)\sbt\bin;C:\Program Files (x86)\scala\bin;C:\Program Files\nodejs\;C:\RailsInstaller\Git\cmd;C:\RailsInstaller\Ruby2.3.3\bin;C:\Ruby24-x64\bin;C:\Program Files (x86)\Microsoft VS Code\bin;C:\Program Files\Git;C:\cmder;C:\Program Files\Heroku\bin;C:\Program Files\Java\jdk1.8.0_91\bin;C:\apache-maven-3.5.2\bin;D:\spark\\bin;C:\Users\Junior\AppData\Roaming\npm;C:\Users\Junior\AppData\Local\Microsoft\WindowsApps;;C:\Users\Junior\Desktop;
USERNAME=Junior
OS=Windows_NT
PROCESSOR_IDENTIFIER=Intel64 Family 6 Model 61 Stepping 4, GenuineIntel



---------------  S Y S T E M  ---------------

OS: Windows 10.0 , 64 bit Build 16299 (10.0.16299.431)

CPU:total 4 (2 cores per cpu, 2 threads per core) family 6 model 61 stepping 4, cmov, cx8, fxsr, mmx, sse, sse2, sse3, ssse3, sse4.1, sse4.2, popcnt, avx, avx2, aes, clmul, erms, 3dnowpref, lzcnt, ht, tsc, tscinvbit, bmi1, bmi2, adx

Memory: 4k page, physical 8297072k(1877000k free), swap 14850672k(4213604k free)

vm_info: Java HotSpot(TM) 64-Bit Server VM (25.91-b15) for windows-amd64 JRE (1.8.0_91-b15), built on May 20 2016 17:43:15 by "java_re" with MS VC++ 10.0 (VS2010)

time: Thu Jul 19 22:40:24 2018
elapsed time: 57 seconds (0d 0h 0m 57s)

